<?xml version="1.0" encoding="UTF-8"?>
<coverage generated="1663564973499" clover="3.2.0">
  <project timestamp="1663564973499" name="All files">
    <metrics statements="77" coveredstatements="68" conditionals="9" coveredconditionals="8" methods="43" coveredmethods="40" elements="129" coveredelements="116" complexity="0" loc="77" ncloc="77" packages="5" files="8" classes="8"/>
    <package name="cards">
      <metrics statements="14" coveredstatements="13" conditionals="2" coveredconditionals="2" methods="11" coveredmethods="10"/>
      <file name="cardstatus.ts" path="/Users/olivia/Documents/GitHub/hw1-flashcards-Jessicawwww/typescript/src/cards/cardstatus.ts">
        <metrics statements="7" coveredstatements="7" conditionals="0" coveredconditionals="0" methods="5" coveredmethods="5"/>
        <line num="37" count="38" type="stmt"/>
        <line num="38" count="38" type="stmt"/>
        <line num="39" count="16" type="stmt"/>
        <line num="40" count="77" type="stmt"/>
        <line num="41" count="52" type="stmt"/>
        <line num="42" count="3" type="stmt"/>
        <line num="46" count="6" type="stmt"/>
      </file>
      <file name="flashcard.ts" path="/Users/olivia/Documents/GitHub/hw1-flashcards-Jessicawwww/typescript/src/cards/flashcard.ts">
        <metrics statements="7" coveredstatements="6" conditionals="2" coveredconditionals="2" methods="6" coveredmethods="5"/>
        <line num="25" count="57" type="stmt"/>
        <line num="26" count="27" type="stmt"/>
        <line num="27" count="17" type="stmt"/>
        <line num="29" count="4" type="stmt"/>
        <line num="32" count="0" type="stmt"/>
        <line num="35" count="8" type="cond" truecount="2" falsecount="0"/>
        <line num="40" count="8" type="stmt"/>
      </file>
    </package>
    <package name="data">
      <metrics statements="24" coveredstatements="17" conditionals="3" coveredconditionals="2" methods="7" coveredmethods="6"/>
      <file name="store.ts" path="/Users/olivia/Documents/GitHub/hw1-flashcards-Jessicawwww/typescript/src/data/store.ts">
        <metrics statements="24" coveredstatements="17" conditionals="3" coveredconditionals="2" methods="7" coveredmethods="6"/>
        <line num="1" count="1" type="stmt"/>
        <line num="2" count="1" type="stmt"/>
        <line num="41" count="10" type="stmt"/>
        <line num="42" count="10" type="stmt"/>
        <line num="43" count="15" type="stmt"/>
        <line num="45" count="6" type="cond" truecount="1" falsecount="0"/>
        <line num="46" count="3" type="stmt"/>
        <line num="47" count="3" type="stmt"/>
        <line num="50" count="4" type="stmt"/>
        <line num="51" count="4" type="cond" truecount="1" falsecount="0"/>
        <line num="52" count="3" type="stmt"/>
        <line num="53" count="3" type="stmt"/>
        <line num="61" count="2" type="stmt"/>
        <line num="62" count="2" type="stmt"/>
        <line num="63" count="2" type="stmt"/>
        <line num="65" count="2" type="stmt"/>
        <line num="71" count="0" type="stmt"/>
        <line num="72" count="0" type="stmt"/>
        <line num="73" count="0" type="stmt"/>
        <line num="74" count="0" type="stmt"/>
        <line num="75" count="0" type="cond" truecount="0" falsecount="1"/>
        <line num="76" count="0" type="stmt"/>
        <line num="82" count="0" type="stmt"/>
        <line num="85" count="1" type="stmt"/>
      </file>
    </package>
    <package name="ordering">
      <metrics statements="15" coveredstatements="14" conditionals="0" coveredconditionals="0" methods="8" coveredmethods="7"/>
      <file name="cardorganizer.ts" path="/Users/olivia/Documents/GitHub/hw1-flashcards-Jessicawwww/typescript/src/ordering/cardorganizer.ts">
        <metrics statements="6" coveredstatements="6" conditionals="0" coveredconditionals="0" methods="2" coveredmethods="2"/>
        <line num="19" count="3" type="stmt"/>
        <line num="30" count="3" type="stmt"/>
        <line num="31" count="3" type="stmt"/>
        <line num="32" count="6" type="stmt"/>
        <line num="34" count="3" type="stmt"/>
        <line num="39" count="1" type="stmt"/>
      </file>
      <file name="cardproducer.ts" path="/Users/olivia/Documents/GitHub/hw1-flashcards-Jessicawwww/typescript/src/ordering/cardproducer.ts">
        <metrics statements="9" coveredstatements="8" conditionals="0" coveredconditionals="0" methods="6" coveredmethods="5"/>
        <line num="3" count="1" type="stmt"/>
        <line num="26" count="4" type="stmt"/>
        <line num="28" count="4" type="stmt"/>
        <line num="35" count="4" type="stmt"/>
        <line num="43" count="0" type="stmt"/>
        <line num="52" count="4" type="stmt"/>
        <line num="60" count="2" type="stmt"/>
        <line num="68" count="2" type="stmt"/>
        <line num="74" count="1" type="stmt"/>
      </file>
    </package>
    <package name="ordering.prioritization">
      <metrics statements="14" coveredstatements="14" conditionals="4" coveredconditionals="4" methods="9" coveredmethods="9"/>
      <file name="mostmistakes.ts" path="/Users/olivia/Documents/GitHub/hw1-flashcards-Jessicawwww/typescript/src/ordering/prioritization/mostmistakes.ts">
        <metrics statements="6" coveredstatements="6" conditionals="4" coveredconditionals="4" methods="5" coveredmethods="5"/>
        <line num="6" count="35" type="stmt"/>
        <line num="9" count="5" type="stmt"/>
        <line num="17" count="5" type="stmt"/>
        <line num="18" count="8" type="cond" truecount="4" falsecount="0"/>
        <line num="19" count="5" type="stmt"/>
        <line num="25" count="3" type="stmt"/>
      </file>
      <file name="recentmistakes.ts" path="/Users/olivia/Documents/GitHub/hw1-flashcards-Jessicawwww/typescript/src/ordering/prioritization/recentmistakes.ts">
        <metrics statements="8" coveredstatements="8" conditionals="0" coveredconditionals="0" methods="4" coveredmethods="4"/>
        <line num="6" count="7" type="stmt"/>
        <line num="9" count="7" type="stmt"/>
        <line num="11" count="3" type="stmt"/>
        <line num="20" count="3" type="stmt"/>
        <line num="21" count="3" type="stmt"/>
        <line num="23" count="3" type="stmt"/>
        <line num="24" count="3" type="stmt"/>
        <line num="29" count="2" type="stmt"/>
      </file>
    </package>
    <package name="ordering.repetition">
      <metrics statements="10" coveredstatements="10" conditionals="0" coveredconditionals="0" methods="8" coveredmethods="8"/>
      <file name="cardrepeater.ts" path="/Users/olivia/Documents/GitHub/hw1-flashcards-Jessicawwww/typescript/src/ordering/repetition/cardrepeater.ts">
        <metrics statements="10" coveredstatements="10" conditionals="0" coveredconditionals="0" methods="8" coveredmethods="8"/>
        <line num="1" count="3" type="stmt"/>
        <line num="13" count="20" type="stmt"/>
        <line num="14" count="10" type="stmt"/>
        <line num="22" count="10" type="stmt"/>
        <line num="40" count="9" type="stmt"/>
        <line num="43" count="5" type="stmt"/>
        <line num="51" count="5" type="stmt"/>
        <line num="59" count="17" type="stmt"/>
        <line num="61" count="5" type="stmt"/>
        <line num="64" count="3" type="stmt"/>
      </file>
    </package>
  </project>
</coverage>
