TN:
SF:src/cards/cardstatus.ts
FN:36,newCardStatus
FN:39,(anonymous_1)
FN:40,(anonymous_2)
FN:41,(anonymous_3)
FN:42,(anonymous_4)
FNF:5
FNH:5
FNDA:38,newCardStatus
FNDA:16,(anonymous_1)
FNDA:77,(anonymous_2)
FNDA:52,(anonymous_3)
FNDA:3,(anonymous_4)
DA:37,38
DA:38,38
DA:39,16
DA:40,77
DA:41,52
DA:42,3
DA:46,6
LF:7
LH:7
BRF:0
BRH:0
end_of_record
TN:
SF:src/cards/flashcard.ts
FN:24,newFlashCard
FN:26,(anonymous_1)
FN:27,(anonymous_2)
FN:28,(anonymous_3)
FN:31,(anonymous_4)
FN:34,(anonymous_5)
FNF:6
FNH:5
FNDA:57,newFlashCard
FNDA:27,(anonymous_1)
FNDA:17,(anonymous_2)
FNDA:4,(anonymous_3)
FNDA:0,(anonymous_4)
FNDA:8,(anonymous_5)
DA:25,57
DA:26,27
DA:27,17
DA:29,4
DA:32,0
DA:35,8
DA:40,8
LF:7
LH:6
BRDA:35,0,0,8
BRDA:35,0,1,2
BRF:2
BRH:2
end_of_record
TN:
SF:src/data/store.ts
FN:40,newInMemoryCardStore
FN:43,(anonymous_2)
FN:44,(anonymous_3)
FN:45,(anonymous_4)
FN:49,(anonymous_5)
FN:60,(anonymous_6)
FN:70,loadCards
FNF:7
FNH:6
FNDA:10,newInMemoryCardStore
FNDA:15,(anonymous_2)
FNDA:4,(anonymous_3)
FNDA:6,(anonymous_4)
FNDA:4,(anonymous_5)
FNDA:2,(anonymous_6)
FNDA:0,loadCards
DA:1,1
DA:2,1
DA:41,10
DA:42,10
DA:43,15
DA:45,6
DA:46,3
DA:47,3
DA:50,4
DA:51,4
DA:52,3
DA:53,3
DA:61,2
DA:62,2
DA:63,2
DA:65,2
DA:71,0
DA:72,0
DA:73,0
DA:74,0
DA:75,0
DA:76,0
DA:82,0
DA:85,1
LF:24
LH:17
BRDA:45,0,0,1
BRDA:51,1,0,1
BRDA:75,2,0,0
BRF:3
BRH:2
end_of_record
TN:
SF:src/ordering/cardorganizer.ts
FN:18,newCombinedCardOrganizer
FN:29,(anonymous_1)
FNF:2
FNH:2
FNDA:3,newCombinedCardOrganizer
FNDA:3,(anonymous_1)
DA:19,3
DA:30,3
DA:31,3
DA:32,6
DA:34,3
DA:39,1
LF:6
LH:6
BRF:0
BRH:0
end_of_record
TN:
SF:src/ordering/cardproducer.ts
FN:25,newCardDeck
FN:34,(anonymous_1)
FN:42,(anonymous_2)
FN:51,(anonymous_3)
FN:59,(anonymous_4)
FN:67,(anonymous_5)
FNF:6
FNH:5
FNDA:4,newCardDeck
FNDA:4,(anonymous_1)
FNDA:0,(anonymous_2)
FNDA:4,(anonymous_3)
FNDA:2,(anonymous_4)
FNDA:2,(anonymous_5)
DA:3,1
DA:26,4
DA:28,4
DA:35,4
DA:43,0
DA:52,4
DA:60,2
DA:68,2
DA:74,1
LF:9
LH:8
BRF:0
BRH:0
end_of_record
TN:
SF:src/ordering/prioritization/mostmistakes.ts
FN:4,newMostMistakesFirstSorter
FN:5,numberOfFailures
FN:6,(anonymous_2)
FN:16,(anonymous_3)
FN:18,(anonymous_4)
FNF:5
FNH:5
FNDA:5,newMostMistakesFirstSorter
FNDA:24,numberOfFailures
FNDA:35,(anonymous_2)
FNDA:5,(anonymous_3)
FNDA:8,(anonymous_4)
DA:6,35
DA:9,5
DA:17,5
DA:18,8
DA:19,5
DA:25,3
LF:6
LH:6
BRDA:18,0,0,4
BRDA:18,0,1,4
BRDA:18,1,0,3
BRDA:18,1,1,1
BRF:4
BRH:4
end_of_record
TN:
SF:src/ordering/prioritization/recentmistakes.ts
FN:4,newRecentMistakesFirstSorter
FN:5,isRecentRight
FN:8,isRecentWrong
FN:19,(anonymous_3)
FNF:4
FNH:4
FNDA:3,newRecentMistakesFirstSorter
FNDA:7,isRecentRight
FNDA:7,isRecentWrong
FNDA:3,(anonymous_3)
DA:6,7
DA:9,7
DA:11,3
DA:20,3
DA:21,3
DA:23,3
DA:24,3
DA:29,2
LF:8
LH:8
BRF:0
BRH:0
end_of_record
TN:
SF:src/ordering/repetition/cardrepeater.ts
FN:5,newCardRepeater
FN:13,isNotComplete
FN:21,(anonymous_2)
FN:31,newNonRepeatingCardOrganizer
FN:38,anyAnswer
FN:50,newRepeatingCardOrganizer
FN:58,hasSufficientSuccess
FN:59,(anonymous_7)
FNF:8
FNH:8
FNDA:10,newCardRepeater
FNDA:20,isNotComplete
FNDA:10,(anonymous_2)
FNDA:5,newNonRepeatingCardOrganizer
FNDA:9,anyAnswer
FNDA:5,newRepeatingCardOrganizer
FNDA:11,hasSufficientSuccess
FNDA:17,(anonymous_7)
DA:1,3
DA:13,20
DA:14,10
DA:22,10
DA:40,9
DA:43,5
DA:51,5
DA:59,17
DA:61,5
DA:64,3
LF:10
LH:10
BRF:0
BRH:0
end_of_record
